Copyright 1986-2022 Xilinx, Inc. All Rights Reserved.
---------------------------------------------------------------------------------------------------------------------------------------
| Tool Version : Vivado v.2022.2 (win64) Build 3671981 Fri Oct 14 05:00:03 MDT 2022
| Date         : Sat Nov  5 12:36:39 2022
| Host         : DESKTOP-AOS9A1G running 64-bit major release  (build 9200)
| Command      : report_utilization -file bd_fir_filter_wrapper_utilization_placed.rpt -pb bd_fir_filter_wrapper_utilization_placed.pb
| Design       : bd_fir_filter_wrapper
| Device       : xczu3eg-sbva484-1-e
| Speed File   : -1
| Design State : Fully Placed
---------------------------------------------------------------------------------------------------------------------------------------

Utilization Design Information

Table of Contents
-----------------
1. CLB Logic
1.1 Summary of Registers by Type
2. CLB Logic Distribution
3. BLOCKRAM
4. ARITHMETIC
5. I/O
6. CLOCK
7. ADVANCED
8. CONFIGURATION
9. Primitives
10. Black Boxes
11. Instantiated Netlists

1. CLB Logic
------------

+----------------------------+-------+-------+------------+-----------+-------+
|          Site Type         |  Used | Fixed | Prohibited | Available | Util% |
+----------------------------+-------+-------+------------+-----------+-------+
| CLB LUTs                   |  9065 |     0 |          0 |     70560 | 12.85 |
|   LUT as Logic             |  7783 |     0 |          0 |     70560 | 11.03 |
|   LUT as Memory            |  1282 |     0 |          0 |     28800 |  4.45 |
|     LUT as Distributed RAM |   678 |     0 |            |           |       |
|     LUT as Shift Register  |   604 |     0 |            |           |       |
| CLB Registers              | 12159 |     0 |          0 |    141120 |  8.62 |
|   Register as Flip Flop    | 12159 |     0 |          0 |    141120 |  8.62 |
|   Register as Latch        |     0 |     0 |          0 |    141120 |  0.00 |
| CARRY8                     |   195 |     0 |          0 |      8820 |  2.21 |
| F7 Muxes                   |     4 |     0 |          0 |     35280 |  0.01 |
| F8 Muxes                   |     0 |     0 |          0 |     17640 |  0.00 |
| F9 Muxes                   |     0 |     0 |          0 |      8820 |  0.00 |
+----------------------------+-------+-------+------------+-----------+-------+
* Warning! LUT value is adjusted to account for LUT combining.


1.1 Summary of Registers by Type
--------------------------------

+-------+--------------+-------------+--------------+
| Total | Clock Enable | Synchronous | Asynchronous |
+-------+--------------+-------------+--------------+
| 0     |            _ |           - |            - |
| 0     |            _ |           - |          Set |
| 0     |            _ |           - |        Reset |
| 0     |            _ |         Set |            - |
| 0     |            _ |       Reset |            - |
| 0     |          Yes |           - |            - |
| 66    |          Yes |           - |          Set |
| 183   |          Yes |           - |        Reset |
| 320   |          Yes |         Set |            - |
| 11590 |          Yes |       Reset |            - |
+-------+--------------+-------------+--------------+


2. CLB Logic Distribution
-------------------------

+--------------------------------------------+-------+-------+------------+-----------+-------+
|                  Site Type                 |  Used | Fixed | Prohibited | Available | Util% |
+--------------------------------------------+-------+-------+------------+-----------+-------+
| CLB                                        |  1807 |     0 |          0 |      8820 | 20.49 |
|   CLBL                                     |  1172 |     0 |            |           |       |
|   CLBM                                     |   635 |     0 |            |           |       |
| LUT as Logic                               |  7783 |     0 |          0 |     70560 | 11.03 |
|   using O5 output only                     |   299 |       |            |           |       |
|   using O6 output only                     |  4880 |       |            |           |       |
|   using O5 and O6                          |  2604 |       |            |           |       |
| LUT as Memory                              |  1282 |     0 |          0 |     28800 |  4.45 |
|   LUT as Distributed RAM                   |   678 |     0 |            |           |       |
|     using O5 output only                   |     0 |       |            |           |       |
|     using O6 output only                   |    10 |       |            |           |       |
|     using O5 and O6                        |   668 |       |            |           |       |
|   LUT as Shift Register                    |   604 |     0 |            |           |       |
|     using O5 output only                   |     0 |       |            |           |       |
|     using O6 output only                   |   379 |       |            |           |       |
|     using O5 and O6                        |   225 |       |            |           |       |
| CLB Registers                              | 12159 |     0 |          0 |    141120 |  8.62 |
|   Register driven from within the CLB      |  6642 |       |            |           |       |
|   Register driven from outside the CLB     |  5517 |       |            |           |       |
|     LUT in front of the register is unused |  3654 |       |            |           |       |
|     LUT in front of the register is used   |  1863 |       |            |           |       |
| Unique Control Sets                        |   475 |       |          0 |     17640 |  2.69 |
+--------------------------------------------+-------+-------+------------+-----------+-------+
* * Note: Available Control Sets calculated as Slices * 2, Review the Control Sets Report for more information regarding control sets.


3. BLOCKRAM
-----------

+-------------------+------+-------+------------+-----------+-------+
|     Site Type     | Used | Fixed | Prohibited | Available | Util% |
+-------------------+------+-------+------------+-----------+-------+
| Block RAM Tile    | 21.5 |     0 |          0 |       216 |  9.95 |
|   RAMB36/FIFO*    |   21 |     0 |          0 |       216 |  9.72 |
|     RAMB36E2 only |   21 |       |            |           |       |
|   RAMB18          |    1 |     0 |          0 |       432 |  0.23 |
|     RAMB18E2 only |    1 |       |            |           |       |
+-------------------+------+-------+------------+-----------+-------+
* Note: Each Block RAM Tile only has one FIFO logic available and therefore can accommodate only one FIFO36E2 or one FIFO18E2. However, if a FIFO18E2 occupies a Block RAM Tile, that tile can still accommodate a RAMB18E2


4. ARITHMETIC
-------------

+----------------+------+-------+------------+-----------+-------+
|    Site Type   | Used | Fixed | Prohibited | Available | Util% |
+----------------+------+-------+------------+-----------+-------+
| DSPs           |   40 |     0 |          0 |       360 | 11.11 |
|   DSP48E2 only |   40 |       |            |           |       |
+----------------+------+-------+------------+-----------+-------+


5. I/O
------

+------------------+------+-------+------------+-----------+-------+
|     Site Type    | Used | Fixed | Prohibited | Available | Util% |
+------------------+------+-------+------------+-----------+-------+
| Bonded IOB       |    0 |     0 |          0 |        82 |  0.00 |
| HPIOB_M          |    0 |     0 |          0 |        26 |  0.00 |
| HPIOB_S          |    0 |     0 |          0 |        26 |  0.00 |
| HDIOB_M          |    0 |     0 |          0 |        12 |  0.00 |
| HDIOB_S          |    0 |     0 |          0 |        12 |  0.00 |
| HPIOB_SNGL       |    0 |     0 |          0 |         6 |  0.00 |
| HPIOBDIFFINBUF   |    0 |     0 |          0 |        72 |  0.00 |
| HPIOBDIFFOUTBUF  |    0 |     0 |          0 |        72 |  0.00 |
| HDIOBDIFFINBUF   |    0 |     0 |          0 |        48 |  0.00 |
| BITSLICE_CONTROL |    0 |     0 |          0 |        24 |  0.00 |
| BITSLICE_RX_TX   |    0 |     0 |          0 |       936 |  0.00 |
| BITSLICE_TX      |    0 |     0 |          0 |        24 |  0.00 |
| RIU_OR           |    0 |     0 |          0 |        12 |  0.00 |
+------------------+------+-------+------------+-----------+-------+


6. CLOCK
--------

+----------------------+------+-------+------------+-----------+-------+
|       Site Type      | Used | Fixed | Prohibited | Available | Util% |
+----------------------+------+-------+------------+-----------+-------+
| GLOBAL CLOCK BUFFERs |    1 |     0 |          0 |       196 |  0.51 |
|   BUFGCE             |    0 |     0 |          0 |        88 |  0.00 |
|   BUFGCE_DIV         |    0 |     0 |          0 |        12 |  0.00 |
|   BUFG_PS            |    1 |     0 |          0 |        72 |  1.39 |
|   BUFGCTRL*          |    0 |     0 |          0 |        24 |  0.00 |
| PLL                  |    0 |     0 |          0 |         6 |  0.00 |
| MMCM                 |    0 |     0 |          0 |         3 |  0.00 |
+----------------------+------+-------+------------+-----------+-------+
* Note: Each used BUFGCTRL counts as two GLOBAL CLOCK BUFFERs. This table does not include global clocking resources, only buffer cell usage. See the Clock Utilization Report (report_clock_utilization) for detailed accounting of global clocking resource availability.


7. ADVANCED
-----------

+-----------+------+-------+------------+-----------+--------+
| Site Type | Used | Fixed | Prohibited | Available |  Util% |
+-----------+------+-------+------------+-----------+--------+
| PS8       |    1 |     0 |          0 |         1 | 100.00 |
| SYSMONE4  |    0 |     0 |          0 |         1 |   0.00 |
+-----------+------+-------+------------+-----------+--------+


8. CONFIGURATION
----------------

+-------------+------+-------+------------+-----------+-------+
|  Site Type  | Used | Fixed | Prohibited | Available | Util% |
+-------------+------+-------+------------+-----------+-------+
| BSCANE2     |    0 |     0 |          0 |         4 |  0.00 |
| DNA_PORTE2  |    0 |     0 |          0 |         1 |  0.00 |
| EFUSE_USR   |    0 |     0 |          0 |         1 |  0.00 |
| FRAME_ECCE4 |    0 |     0 |          0 |         1 |  0.00 |
| ICAPE3      |    0 |     0 |          0 |         2 |  0.00 |
| MASTER_JTAG |    0 |     0 |          0 |         1 |  0.00 |
| STARTUPE3   |    0 |     0 |          0 |         1 |  0.00 |
+-------------+------+-------+------------+-----------+-------+


9. Primitives
-------------

+----------+-------+---------------------+
| Ref Name |  Used | Functional Category |
+----------+-------+---------------------+
| FDRE     | 11590 |            Register |
| LUT3     |  3137 |                 CLB |
| LUT6     |  2626 |                 CLB |
| LUT5     |  1717 |                 CLB |
| LUT4     |  1609 |                 CLB |
| RAMD32   |  1178 |                 CLB |
| LUT2     |  1026 |                 CLB |
| SRL16E   |   614 |                 CLB |
| FDSE     |   320 |            Register |
| LUT1     |   272 |                 CLB |
| SRLC32E  |   215 |                 CLB |
| CARRY8   |   195 |                 CLB |
| FDCE     |   183 |            Register |
| RAMS32   |   168 |                 CLB |
| FDPE     |    66 |            Register |
| DSP48E2  |    40 |          Arithmetic |
| RAMB36E2 |    21 |            BLOCKRAM |
| MUXF7    |     4 |                 CLB |
| RAMB18E2 |     1 |            BLOCKRAM |
| PS8      |     1 |            Advanced |
| BUFG_PS  |     1 |               Clock |
+----------+-------+---------------------+


10. Black Boxes
---------------

+----------+------+
| Ref Name | Used |
+----------+------+


11. Instantiated Netlists
-------------------------

+-----------------------------------+------+
|              Ref Name             | Used |
+-----------------------------------+------+
| bd_fir_filter_zynq_ultra_ps_e_0_0 |    1 |
| bd_fir_filter_xbar_0              |    1 |
| bd_fir_filter_rst_ps8_0_100M_0    |    1 |
| bd_fir_filter_fir_hw_wrapped_0_0  |    1 |
| bd_fir_filter_axi_timer_0_0       |    1 |
| bd_fir_filter_axi_smc_0           |    1 |
| bd_fir_filter_axi_dma_0_0         |    1 |
| bd_fir_filter_auto_pc_1           |    1 |
| bd_fir_filter_auto_pc_0           |    1 |
| bd_fir_filter_auto_ds_1           |    1 |
| bd_fir_filter_auto_ds_0           |    1 |
+-----------------------------------+------+


